#
# There is insufficient memory for the Java Runtime Environment to continue.
# Native memory allocation (malloc) failed to allocate 1048576 bytes for AllocateHeap
# Possible reasons:
#   The system is out of physical RAM or swap space
#   The process is running with CompressedOops enabled, and the Java Heap may be blocking the growth of the native heap
# Possible solutions:
#   Reduce memory load on the system
#   Increase physical memory or swap space
#   Check if swap backing store is full
#   Decrease Java heap size (-Xmx/-Xms)
#   Decrease number of Java threads
#   Decrease Java thread stack sizes (-Xss)
#   Set larger code cache with -XX:ReservedCodeCacheSize=
#   JVM is running with Unscaled Compressed Oops mode in which the Java heap is
#     placed in the first 4GB address space. The Java Heap base address is the
#     maximum limit for the native heap growth. Please use -XX:HeapBaseMinAddress
#     to set the Java Heap base and to place the Java Heap above 4GB virtual address.
# This output file may be truncated or incomplete.
#
#  Out of Memory Error (memory/allocation.inline.hpp:61), pid=14088, tid=0x00000000000001f4
#
# JRE version:  (8.0_211-b12) (build )
# Java VM: Java HotSpot(TM) 64-Bit Server VM (25.211-b12 mixed mode windows-amd64 compressed oops)
# Failed to write core dump. Minidumps are not enabled by default on client versions of Windows
#

---------------  T H R E A D  ---------------

Current thread (0x00000000028b2800):  JavaThread "Unknown thread" [_thread_in_vm, id=500, stack(0x0000000000fc0000,0x00000000010c0000)]

Stack: [0x0000000000fc0000,0x00000000010c0000]
[error occurred during error reporting (printing stack bounds), id 0xc0000005]

Native frames: (J=compiled Java code, j=interpreted, Vv=VM code, C=native code)


---------------  P R O C E S S  ---------------

Java Threads: ( => current thread )

Other Threads:

=>0x00000000028b2800 (exited) JavaThread "Unknown thread" [_thread_in_vm, id=500, stack(0x0000000000fc0000,0x00000000010c0000)]

VM state:not at safepoint (normal execution)

VM Mutex/Monitor currently owned by a thread: None

heap address: 0x00000000c2600000, size: 986 MB, Compressed Oops mode: 32-bit
Narrow klass base: 0x0000000000000000, Narrow klass shift: 3
Compressed class space size: 1073741824 Address: 0x0000000100000000

Heap:
 PSYoungGen      total 18432K, used 317K [0x00000000eb780000, 0x00000000ecc00000, 0x0000000100000000)
  eden space 15872K, 2% used [0x00000000eb780000,0x00000000eb7cf5d0,0x00000000ec700000)
  from space 2560K, 0% used [0x00000000ec980000,0x00000000ec980000,0x00000000ecc00000)
  to   space 2560K, 0% used [0x00000000ec700000,0x00000000ec700000,0x00000000ec980000)
 ParOldGen       total 42496K, used 0K [0x00000000c2600000, 0x00000000c4f80000, 0x00000000eb780000)
  object space 42496K, 0% used [0x00000000c2600000,0x00000000c2600000,0x00000000c4f80000)
 Metaspace       used 751K, capacity 4480K, committed 4480K, reserved 1056768K
  class space    used 76K, capacity 384K, committed 384K, reserved 1048576K

Card table byte_map: [0x0000000011d70000,0x0000000011f60000] byte_map_base: 0x000000001175d000

Marking Bits: (ParMarkBitMap*) 0x0000000065a05ce0
 Begin Bits: [0x00000000124b0000, 0x0000000013418000)
 End Bits:   [0x0000000013418000, 0x0000000014380000)

Polling page: 0x0000000000d90000

CodeCache: size=245760Kb used=327Kb max_used=327Kb free=245432Kb
 bounds [0x00000000029b0000, 0x0000000002c20000, 0x00000000119b0000]
 total_blobs=57 nmethods=0 adapters=38
 compilation: enabled

Compilation events (0 events):
No events

GC Heap History (0 events):
No events

Deoptimization events (0 events):
No events

Classes redefined (0 events):
No events

Internal exceptions (0 events):
No events

Events (10 events):
Event: 0.050 loading class java/lang/Short
Event: 0.050 loading class java/lang/Short done
Event: 0.050 loading class java/lang/Integer
Event: 0.051 loading class java/lang/Integer done
Event: 0.051 loading class java/lang/Long
Event: 0.051 loading class java/lang/Long done
Event: 0.052 loading class java/lang/NullPointerException
Event: 0.053 loading class java/lang/NullPointerException done
Event: 0.053 loading class java/lang/ArithmeticException
Event: 0.053 loading class java/lang/ArithmeticException done


Dynamic libraries:
0x00007ff611190000 - 0x00007ff6111c7000 	C:\datos\bin\javaw.exe
0x00007ffb1d810000 - 0x00007ffb1d9eb000 	C:\Windows\SYSTEM32\ntdll.dll
0x00007ffaffba0000 - 0x00007ffaffbb4000 	C:\Program Files\AVAST Software\Avast\aswhook.dll
0x00007ffb1b2e0000 - 0x00007ffb1b38e000 	C:\Windows\System32\KERNEL32.DLL
0x00007ffb1ab20000 - 0x00007ffb1ad6a000 	C:\Windows\System32\KERNELBASE.dll
0x00007ffb1b1c0000 - 0x00007ffb1b261000 	C:\Windows\System32\ADVAPI32.dll
0x00007ffb1b390000 - 0x00007ffb1b42d000 	C:\Windows\System32\msvcrt.dll
0x00007ffb1cdd0000 - 0x00007ffb1ce29000 	C:\Windows\System32\sechost.dll
0x00007ffb1cca0000 - 0x00007ffb1cdc5000 	C:\Windows\System32\RPCRT4.dll
0x00007ffb1d540000 - 0x00007ffb1d68a000 	C:\Windows\System32\USER32.dll
0x00007ffb1a2f0000 - 0x00007ffb1a30e000 	C:\Windows\System32\win32u.dll
0x00007ffb1b4f0000 - 0x00007ffb1b517000 	C:\Windows\System32\GDI32.dll
0x00007ffb1a160000 - 0x00007ffb1a2e8000 	C:\Windows\System32\gdi32full.dll
0x00007ffb1aa80000 - 0x00007ffb1ab1a000 	C:\Windows\System32\msvcp_win.dll
0x00007ffb19d30000 - 0x00007ffb19e26000 	C:\Windows\System32\ucrtbase.dll
0x00007ffb08840000 - 0x00007ffb08aa7000 	C:\Windows\WinSxS\amd64_microsoft.windows.common-controls_6595b64144ccf1df_6.0.15063.1155_none_40c7922129a7722b\COMCTL32.dll
0x00007ffb1ce30000 - 0x00007ffb1d129000 	C:\Windows\System32\combase.dll
0x00007ffb1aa10000 - 0x00007ffb1aa7a000 	C:\Windows\System32\bcryptPrimitives.dll
0x00007ffb1cc70000 - 0x00007ffb1cc9d000 	C:\Windows\System32\IMM32.DLL
0x0000000065100000 - 0x00000000651d2000 	C:\datos\bin\msvcr100.dll
0x00000000651e0000 - 0x0000000065a85000 	C:\datos\bin\server\jvm.dll
0x00007ffb1ad70000 - 0x00007ffb1ad78000 	C:\Windows\System32\PSAPI.DLL
0x00007ffb11f20000 - 0x00007ffb11f29000 	C:\Windows\SYSTEM32\WSOCK32.dll
0x00007ffb1d7a0000 - 0x00007ffb1d80c000 	C:\Windows\System32\WS2_32.dll
0x00007ffb105d0000 - 0x00007ffb105f3000 	C:\Windows\SYSTEM32\WINMM.dll
0x00007ffb15c00000 - 0x00007ffb15c0a000 	C:\Windows\SYSTEM32\VERSION.dll
0x00007ffb105a0000 - 0x00007ffb105cb000 	C:\Windows\SYSTEM32\WINMMBASE.dll
0x00007ffb19ee0000 - 0x00007ffb19f29000 	C:\Windows\System32\cfgmgr32.dll
0x00007ffb05f70000 - 0x00007ffb05f7f000 	C:\datos\bin\verify.dll
0x00007ffb05510000 - 0x00007ffb05539000 	C:\datos\bin\java.dll
0x00007ffb04c80000 - 0x00007ffb04c96000 	C:\datos\bin\zip.dll

VM Arguments:
jvm_args: -Dfile.encoding=Cp1252 
java_command: org.apache.catalina.realm.AuthenticatedUserRealm
java_class_path (initial): C:\Users\elimo\OneDrive\Documentos\URU\5 trimestre\programacion orientada a objetos\AppBackEnd\build\classes;C:\Program Files\Apache Software Foundation\Tomcat 9.0\lib\annotations-api.jar;C:\Program Files\Apache Software Foundation\Tomcat 9.0\lib\catalina-ant.jar;C:\Program Files\Apache Software Foundation\Tomcat 9.0\lib\catalina-ha.jar;C:\Program Files\Apache Software Foundation\Tomcat 9.0\lib\catalina-storeconfig.jar;C:\Program Files\Apache Software Foundation\Tomcat 9.0\lib\catalina-tribes.jar;C:\Program Files\Apache Software Foundation\Tomcat 9.0\lib\catalina.jar;C:\Program Files\Apache Software Foundation\Tomcat 9.0\lib\ecj-4.13.jar;C:\Program Files\Apache Software Foundation\Tomcat 9.0\lib\el-api.jar;C:\Program Files\Apache Software Foundation\Tomcat 9.0\lib\jasper-el.jar;C:\Program Files\Apache Software Foundation\Tomcat 9.0\lib\jasper.jar;C:\Program Files\Apache Software Foundation\Tomcat 9.0\lib\jaspic-api.jar;C:\Program Files\Apache Software Foundation\Tomcat 9.0\lib\jsp-api.jar;C:\Program Files\Apache Software Foundation\Tomcat 9.0\lib\servlet-api.jar;C:\Program Files\Apache Software Foundation\Tomcat 9.0\lib\tomcat-api.jar;C:\Program Files\Apache Software Foundation\Tomcat 9.0\lib\tomcat-coyote.jar;C:\Program Files\Apache Software Foundation\Tomcat 9.0\lib\tomcat-dbcp.jar;C:\Program Files\Apache Software Foundation\Tomcat 9.0\lib\tomcat-i18n-cs.jar;C:\Program Files\Apache Software Foundation\Tomcat 9.0\lib\tomcat-i18n-de.jar;C:\Program Files\Apache Software Foundation\Tomcat 9.0\lib\tomcat-i18n-es.jar;C:\Program Files\Apache Software Foundation\Tomcat 9.0\lib\tomcat-i18n-fr.jar;C:\Program Files\Apache Software Foundation\Tomcat 9.0\lib\tomcat-i18n-ja.jar;C:\Program Files\Apache Software Foundation\Tomcat 9.0\lib\tomcat-i18n-ko.jar;C:\Program Files\Apache Software Foundation\Tomcat 9.0\lib\tomcat-i18n-pt-BR.jar;C:\Program Files\Apache Software Foundation\Tomcat 9.0\lib\tomcat-i18n-ru.jar;C:\Program Files\Apache Software Founda
Launcher Type: SUN_STANDARD

Environment Variables:
PATH=C:/datos/bin/server;C:/datos/bin;C:/datos/lib/amd64;"C:\Program Files (x86)\Common Files\Oracle\Java\javapath;C:\Program Files\Java\jdk1.8.0_211\bin";C:\Windows\system32;C:\Windows;C:\Windows\System32\Wbem;C:\Windows\System32\WindowsPowerShell\v1.0\;C:\Program Files\erl10.3\bin;C:\Program Files (x86)\Elixir\bin;C:\Users\elimo\.mix\escripts;C:\Program Files (x86)\Microchip\MPLAB C32 Suite\bin;C:\Program Files (x86)\Microchip\MPLAB IDE\VDI;C:\Program Files\Java\jdk1.8.0_211\bin;C:\Program Files\nodejs\;C:\Program Files\Git\cmd;C:\Users\elimo\AppData\Local\Microsoft\WindowsApps;C:\Users\elimo\AppData\Roaming\npm;C:\Users\elimo\AppData\Local\Programs\Microsoft VS Code\bin;C:\Users\elimo\OneDrive\Escritorio;
USERNAME=elimo
OS=Windows_NT
PROCESSOR_IDENTIFIER=Intel64 Family 6 Model 92 Stepping 9, GenuineIntel



---------------  S Y S T E M  ---------------

OS: Windows 10.0 , 64 bit Build 15063 (10.0.15063.1058)

CPU:total 4 (initial active 4) (4 cores per cpu, 1 threads per core) family 6 model 92 stepping 9, cmov, cx8, fxsr, mmx, sse, sse2, sse3, ssse3, sse4.1, sse4.2, popcnt, aes, clmul, erms, 3dnowpref, tsc, tscinvbit

Memory: 4k page, physical 4030688k(736548k free), swap 5310688k(5788k free)

vm_info: Java HotSpot(TM) 64-Bit Server VM (25.211-b12) for windows-amd64 JRE (1.8.0_211-b12), built on Apr  1 2019 20:53:26 by "java_re" with MS VC++ 10.0 (VS2010)

time: Thu Feb 20 01:26:37 2020
timezone: Venezuela Standard Time
elapsed time: 0 seconds (0d 0h 0m 0s)

